<?xml version="1.0" encoding="UTF-8"?>
<!-- Generated by org.testng.reporters.JUnitReportReporter -->
<testsuite hostname="Gilbertos-MacBook-Pro.local" failures="0" tests="2" name="com.mobileframework.InitialTests_iOS" time="1.830" errors="0" timestamp="2024-01-19T17:29:16 CST" skipped="0">
  <testcase classname="com.mobileframework.InitialTests_iOS" name="secondTest_iOS" time="0.499"/>
  <system-out/>
  <testcase classname="com.mobileframework.InitialTests_iOS" name="firstTest_iOS" time="1.331"/>
  <system-out/>
</testsuite> <!-- com.mobileframework.InitialTests_iOS -->
