<?xml version="1.0" encoding="UTF-8"?>
<!-- Generated by org.testng.reporters.JUnitReportReporter -->
<testsuite hostname="Gilbertos-MacBook-Pro.local" failures="0" tests="2" name="com.swaglabsmobileapp.DemoTest" time="8.749" errors="0" timestamp="2024-01-22T15:06:52 CST" skipped="0">
  <testcase classname="com.swaglabsmobileapp.DemoTest" name="TC001_Login_StandardUser_SuccesfulLogin" time="4.754"/>
  <system-out/>
  <testcase classname="com.swaglabsmobileapp.DemoTest" name="TC002_Login_LockedOutUser_Unable_To_Login" time="3.995"/>
  <system-out/>
</testsuite> <!-- com.swaglabsmobileapp.DemoTest -->
